#
# ACER CUSTOMIZATION
#
#Customization feature of this project
ENABLE_BROWSER_THUMB_SLIDER
ENABLE_BROWSER_REFLOW_TEXT_BY_GESTURE
ENABLE_BROWSER_SHARE_URL_BY_BARCODE
ENABLE_BROWSER_PRINTING
ENABLE_BROWSER_NOT_SYNC_SYSTEM_FONT_SIZE
ENABLE_DOWNLOAD_PROVIDER_SELECT_ALL
# Enable Dolby Mobile function
ENABLE_DOLBY_MOBILE
# Enable network timezone
ENABLE_NETWORK_TIMEZONE
# Enable large system default fontsize
ENABLE_LARGE_FONTSIZE
# Enable acer powersaving feature
ENABLE_POWERSAVING_FEATURE
ENABLE_ANIMATED_GIF_FEATURE

#Customization feature of this SKU
# Default OOBE Country
OOBECountry=GBR

